0 info it worked if it ends with ok
1 verbose cli [ '/usr/local/bin/node', '/usr/local/bin/npm', 'publish' ]
2 info using npm@3.3.12
3 info using node@v5.5.0
4 verbose publish [ '.' ]
5 silly cache add args [ '.', null ]
6 verbose cache add spec .
7 silly cache add parsed spec Result {
7 silly cache add   raw: '.',
7 silly cache add   scope: null,
7 silly cache add   name: null,
7 silly cache add   rawSpec: '.',
7 silly cache add   spec: '/Users/yuriikrevnyi/sites/lumenode/container',
7 silly cache add   type: 'directory' }
8 verbose addLocalDirectory /Users/yuriikrevnyi/.npm/numenode-container/1.0.3/package.tgz not in flight; packing
9 info lifecycle numenode-container@1.0.3~prepublish: numenode-container@1.0.3
10 silly lifecycle numenode-container@1.0.3~prepublish: no script for prepublish, continuing
11 verbose tar pack [ '/Users/yuriikrevnyi/.npm/numenode-container/1.0.3/package.tgz',
11 verbose tar pack   '/Users/yuriikrevnyi/sites/lumenode/container' ]
12 verbose tarball /Users/yuriikrevnyi/.npm/numenode-container/1.0.3/package.tgz
13 verbose folder /Users/yuriikrevnyi/sites/lumenode/container
14 verbose addLocalTarball adding from inside cache /Users/yuriikrevnyi/.npm/numenode-container/1.0.3/package.tgz
15 silly cache afterAdd numenode-container@1.0.3
16 verbose afterAdd /Users/yuriikrevnyi/.npm/numenode-container/1.0.3/package/package.json not in flight; writing
17 verbose afterAdd /Users/yuriikrevnyi/.npm/numenode-container/1.0.3/package/package.json written
18 silly publish { name: 'numenode-container',
18 silly publish   version: '1.0.3',
18 silly publish   description: 'IOC container',
18 silly publish   main: 'index.js',
18 silly publish   scripts: { test: 'node node_modules/.bin/mocha tests' },
18 silly publish   repository:
18 silly publish    { type: 'git',
18 silly publish      url: 'git+https://github.com/lumenode/container.git' },
18 silly publish   keywords: [ 'ioc' ],
18 silly publish   author: { name: 'Iurii Krevnyi' },
18 silly publish   license: 'ISC',
18 silly publish   bugs: { url: 'https://github.com/lumenode/container/issues' },
18 silly publish   homepage: 'https://github.com/lumenode/container#readme',
18 silly publish   dependencies: { lodash: '^3.10.1', 'parse-function': '^2.3.0' },
18 silly publish   devDependencies: { mocha: '^2.3.4', should: '^8.0.2' },
18 silly publish   gitHead: 'c7975300e1489b33899a904f2308c0f7ff02f3e8',
18 silly publish   readme: 'ERROR: No README data found!',
18 silly publish   _id: 'numenode-container@1.0.3',
18 silly publish   _shasum: 'db75286a8ebb83977495aba7f0c3b54d8073ee23',
18 silly publish   _from: '.' }
19 verbose getPublishConfig undefined
20 silly mapToRegistry name numenode-container
21 silly mapToRegistry using default registry
22 silly mapToRegistry registry https://registry.npmjs.org/
23 silly mapToRegistry uri https://registry.npmjs.org/numenode-container
24 verbose publish registryBase https://registry.npmjs.org/
25 silly publish uploading /Users/yuriikrevnyi/.npm/numenode-container/1.0.3/package.tgz
26 verbose request uri https://registry.npmjs.org/numenode-container
27 verbose request sending authorization for write operation
28 info attempt registry request try #1 at 15:38:57
29 verbose request using bearer token for auth
30 verbose request id 19abe568726e79e8
31 http request PUT https://registry.npmjs.org/numenode-container
32 http 403 https://registry.npmjs.org/numenode-container
33 verbose headers { 'content-type': 'application/json',
33 verbose headers   'cache-control': 'max-age=300',
33 verbose headers   'content-length': '95',
33 verbose headers   'accept-ranges': 'bytes',
33 verbose headers   date: 'Fri, 05 Feb 2016 13:38:59 GMT',
33 verbose headers   via: '1.1 varnish',
33 verbose headers   connection: 'keep-alive',
33 verbose headers   'x-served-by': 'cache-fra1225-FRA',
33 verbose headers   'x-cache': 'MISS',
33 verbose headers   'x-cache-hits': '0',
33 verbose headers   'x-timer': 'S1454679538.023239,VS0,VE1243' }
34 verbose request invalidating /Users/yuriikrevnyi/.npm/registry.npmjs.org/numenode-container on PUT
35 error publish Failed PUT 403
36 verbose stack Error: "You cannot publish over the previously published version 1.0.3." : numenode-container
36 verbose stack     at makeError (/usr/local/lib/node_modules/npm/node_modules/npm-registry-client/lib/request.js:264:12)
36 verbose stack     at CachingRegistryClient.<anonymous> (/usr/local/lib/node_modules/npm/node_modules/npm-registry-client/lib/request.js:252:14)
36 verbose stack     at Request._callback (/usr/local/lib/node_modules/npm/node_modules/npm-registry-client/lib/request.js:172:14)
36 verbose stack     at Request.self.callback (/usr/local/lib/node_modules/npm/node_modules/request/request.js:198:22)
36 verbose stack     at emitTwo (events.js:100:13)
36 verbose stack     at Request.emit (events.js:185:7)
36 verbose stack     at Request.<anonymous> (/usr/local/lib/node_modules/npm/node_modules/request/request.js:1082:10)
36 verbose stack     at emitOne (events.js:95:20)
36 verbose stack     at Request.emit (events.js:182:7)
36 verbose stack     at IncomingMessage.<anonymous> (/usr/local/lib/node_modules/npm/node_modules/request/request.js:1009:12)
37 verbose statusCode 403
38 verbose pkgid numenode-container
39 verbose cwd /Users/yuriikrevnyi/sites/lumenode/container
40 error Darwin 15.0.0
41 error argv "/usr/local/bin/node" "/usr/local/bin/npm" "publish"
42 error node v5.5.0
43 error npm  v3.3.12
44 error code E403
45 error "You cannot publish over the previously published version 1.0.3." : numenode-container
46 error If you need help, you may report this error at:
46 error     <https://github.com/npm/npm/issues>
47 verbose exit [ 1, true ]
